{"ParameterKey":"AssetParameters340dde46c068d22ef33130c92271a33b1fb7b3bcd8331b34ba26476a02914389ArtifactHash1488C2A2","ParameterValue":"340dde46c068d22ef33130c92271a33b1fb7b3bcd8331b34ba26476a02914389"},{"ParameterKey":"AssetParameters44520789cb749c5f19c9c5daf4e3b89ba70031bb8210f73de8f6a5f87aff12f0S3BucketD444B909","ParameterValue":"novartiscdk1712147579093"},{"ParameterKey":"AssetParameters44520789cb749c5f19c9c5daf4e3b89ba70031bb8210f73de8f6a5f87aff12f0S3VersionKey5782001E","ParameterValue":"assets/||44520789cb749c5f19c9c5daf4e3b89ba70031bb8210f73de8f6a5f87aff12f0.zip"},{"ParameterKey":"AssetParameters44520789cb749c5f19c9c5daf4e3b89ba70031bb8210f73de8f6a5f87aff12f0ArtifactHash06482093","ParameterValue":"44520789cb749c5f19c9c5daf4e3b89ba70031bb8210f73de8f6a5f87aff12f0"}],"TemplateURL":"https://novartiscdk1712147579093.s3.eu-west-1.amazonaws.com/cdk/APP01-NVSGISRSSR36-DEVCDKAUTOMATIONENV/db9c2dd053a0cbada8c0985ac6cba8ac75947520507c6920756626c640aca606.yml","Tags":[]}) => Stack:arn:aws:cloudformation:eu-west-1:913542069806:stack/APP01-NVSGISRSSR36-DEVCDKAUTOMATIONENV/699da910-6c23-11ef-b101-0269f40dcb45 is in UPDATE_IN_PROGRESS state and can not be updated. (code=ValidationError)
[10:57:37] Could not refresh notices: Error: getaddrinfo ENOTFOUND cli.cdk.dev-tools.aws.dev
❌  APP01-NVSGISRSSR36-DEVCDKAUTOMATIONENV failed: ValidationError: Stack:arn:aws:cloudformation:eu-west-1:913542069806:stack/APP01-NVSGISRSSR36-DEVCDKAUTOMATIONENV/699da910-6c23-11ef-b101-0269f40dcb45 is in UPDATE_IN_PROGRESS state and can not be updated.
[10:57:37] Error: ❌  APP01-NVSGISRSSR36-DEVCDKAUTOMATIONENV failed: ValidationError: Stack:arn:aws:cloudformation:eu-west-1:913542069806:stack/APP01-NVSGISRSSR36-DEVCDKAUTOMATIONENV/699da910-6c23-11ef-b101-0269f40dcb45 is in UPDATE_IN_PROGRESS state and can not be updated.
    at Object.deployStack2 [as deployStack] (/usr/lib/node_modules/aws-cdk/lib/index.js:573:7239)
    at process.processTicksAndRejections (node:internal/process/task_queues:95:5)
    at async /usr/lib/node_modules/aws-cdk/lib/index.js:572:187958
[Pipeline] echo
===========================
[Pipeline] echo
>>>> CDK App Failed <<<<
[Pipeline] echo
===========================
[Pipeline] echo
hudson.AbortException: script returned exit code 1
[Pipeline] unstable
WARNING: CDK App failed hudson.AbortException: script returned exit code 1
[Pipeline] }
[Pipeline] // dir
[Pipeline] }
[Pipeline] // script
[Pipeline] }
[Pipeline] // stage
[Pipeline] } (Run Tests)
[Pipeline] // withEnv
[Pipeline] }
[Pipeline] // withEnv
[Pipeline] }
[Pipeline] // node
[Pipeline] End of Pipeline
Finished: UNSTABLE

[Pipeline] unstable
WARNING: Downstream job FAILED
[Pipeline] sh
+ exit 1
[Pipeline] }
[Pipeline] // script
[Pipeline] }
[Pipeline] // stage
[Pipeline] stage
[Pipeline] { (Run Tests)
Stage "Run Tests" skipped due to earlier failure(s)
[Pipeline] getContext
[Pipeline] }
[Pipeline] // stage
[Pipeline] }
[Pipeline] // withEnv
[Pipeline] }
[Pipeline] // withEnv
[Pipeline] }
[Pipeline] // node
[Pipeline] End of Pipeline
ERROR: script returned exit code 1
Finished: FAILURE
